<?xml version="1.0" encoding="UTF-8"?>
<!-- Generated by org.testng.reporters.JUnitReportReporter -->
<testsuite hostname="LAPTOP-RIG0VRNQ" name="com.test.ConsoleInputTest" tests="4" failures="0" timestamp="8 Dec 2019 09:59:16 GMT" time="0.015" errors="0">
  <testcase name="inEnteredLetters" time="0.001" classname="com.test.ConsoleInputTest"/>
  <testcase name="enterLetter" time="0.007" classname="com.test.ConsoleInputTest"/>
  <testcase name="findEmptyPosition" time="0.002" classname="com.test.ConsoleInputTest"/>
  <testcase name="printWord" time="0.005" classname="com.test.ConsoleInputTest"/>
</testsuite> <!-- com.test.ConsoleInputTest -->
