<?xml version="1.0" encoding="UTF-8"?>
<!-- Generated by org.testng.reporters.JUnitReportReporter -->
<testsuite hostname="LAPTOP-RIG0VRNQ" name="com.test.WordReaderTest" tests="1" failures="0" timestamp="8 Dec 2019 09:59:16 GMT" time="0.001" errors="0">
  <testcase name="readLines" time="0.001" classname="com.test.WordReaderTest"/>
</testsuite> <!-- com.test.WordReaderTest -->
